12:27:52 2017-07-14 [INF] LTND: Version 0.2.1-alpha
12:27:52 2017-07-14 [INF] CHDB: Checking for schema update: latest_version=1, db_version=1
12:27:52 2017-07-14 [INF] LTND: Primary chain is set to: bitcoin
12:27:55 2017-07-14 [INF] DISC: Opened wallet
12:27:56 2017-07-14 [INF] DISC: The wallet has been unlocked without a time limit
12:27:56 2017-07-14 [INF] LTND: LightningWallet opened
12:27:57 2017-07-14 [INF] NTFN: New block epoch subscription
12:27:57 2017-07-14 [INF] DISC: Authenticated Gossiper is starting
12:27:57 2017-07-14 [INF] NTFN: New block epoch subscription
12:27:57 2017-07-14 [INF] CRTR: FilteredChainView starting
12:27:57 2017-07-14 [INF] CRTR: Prune tip for Channel Graph: height=0, hash=<nil>
12:27:57 2017-07-14 [INF] CRTR: Filtering chain using 0 channels active
12:27:57 2017-07-14 [DBG] CRTR: Updating chain filter with new UTXO's: []
12:27:57 2017-07-14 [INF] CMGR: Server listening on [::]:14011
12:27:57 2017-07-14 [INF] RPCS: RPC server listening on 127.0.0.1:14009
12:27:57 2017-07-14 [INF] RPCS: gRPC proxy started
12:28:46 2017-07-14 [DBG] RPCS: [walletbalance] balance=0 BTC
12:51:29 2017-07-14 [INF] CRTR: Pruning channel graph using block 0000000000000000008e15e31dc6fd15519ee6dcafaaac9884b311ae508e7062 (height=475782)
12:51:29 2017-07-14 [INF] NTFN: New block: height=475782, sha=0000000000000000008e15e31dc6fd15519ee6dcafaaac9884b311ae508e7062
12:51:30 2017-07-14 [INF] CRTR: Block 0000000000000000008e15e31dc6fd15519ee6dcafaaac9884b311ae508e7062 (height=475782) closed 0 channels
12:57:11 2017-07-14 [INF] NTFN: New block: height=475783, sha=0000000000000000003bb496a1c8778f16ae3329e5a442255771fedcdb3e0113
12:57:11 2017-07-14 [INF] CRTR: Pruning channel graph using block 0000000000000000003bb496a1c8778f16ae3329e5a442255771fedcdb3e0113 (height=475783)
12:57:11 2017-07-14 [INF] CRTR: Block 0000000000000000003bb496a1c8778f16ae3329e5a442255771fedcdb3e0113 (height=475783) closed 0 channels
13:02:44 2017-07-14 [DBG] RPCS: [walletbalance] balance=0 BTC
13:05:26 2017-07-14 [DBG] RPCS: [walletbalance] balance=0 BTC
13:06:24 2017-07-14 [INF] CRTR: Pruning channel graph using block 000000000000000000a9c9fd6a9e2b9076bec90be7578039bfb2aafeee577637 (height=475784)
13:06:24 2017-07-14 [INF] NTFN: New block: height=475784, sha=000000000000000000a9c9fd6a9e2b9076bec90be7578039bfb2aafeee577637
13:06:24 2017-07-14 [INF] CRTR: Block 000000000000000000a9c9fd6a9e2b9076bec90be7578039bfb2aafeee577637 (height=475784) closed 0 channels
13:08:20 2017-07-14 [INF] SRVR: New inbound connection from 127.0.0.1:48816
13:08:20 2017-07-14 [DBG] PEER: Loaded 0 active channels from database with peerID(1)
13:08:20 2017-07-14 [INF] DISC: Syncing channel graph state with 0350c850baa9e8882731546ceb9e20c9a8db6123b558ee58248c62496850457aa4, sending 1 vertexes and 0 edges
13:08:20 2017-07-14 [DBG] SRVR: Attempting to send msgs 1 to: 0350c850baa9e8882731546ceb9e20c9a8db6123b558ee58248c62496850457aa4
13:08:20 2017-07-14 [INF] CRTR: Updated vertex data for node=029585b91831567b464edd36675433ecb5b39d156959b68c38b15b7024e615b7e2
13:08:20 2017-07-14 [INF] CRTR: Updated vertex data for node=0350c850baa9e8882731546ceb9e20c9a8db6123b558ee58248c62496850457aa4
13:08:20 2017-07-14 [DBG] DISC: Ignoring outdated announcement for 037dbf2ba33bf076aaa07d5ba71890e3f0f1af610a7cc762ee7d56b39f438b900a
13:08:20 2017-07-14 [INF] DISC: Broadcasting batch of 2 new announcements
13:08:20 2017-07-14 [DBG] SRVR: Broadcasting 2 messages
13:09:59 2017-07-14 [INF] NTFN: New block: height=475785, sha=000000000000000000cec812a90fd7f2bdf6b307a2827aee6d6c347885bd28fb
13:09:59 2017-07-14 [INF] CRTR: Pruning channel graph using block 000000000000000000cec812a90fd7f2bdf6b307a2827aee6d6c347885bd28fb (height=475785)
13:09:59 2017-07-14 [INF] CRTR: Block 000000000000000000cec812a90fd7f2bdf6b307a2827aee6d6c347885bd28fb (height=475785) closed 0 channels
13:10:00 2017-07-14 [INF] CRTR: New channel discovered! Link connects 029585b91831567b464edd36675433ecb5b39d156959b68c38b15b7024e615b7e2 and 0350c850baa9e8882731546ceb9e20c9a8db6123b558ee58248c62496850457aa4 with ChannelPoint(d8dc019280a8531fdcf26e350874fe3100c06925306f002d85c943d9c215609e:0): chan_id=523131139829137408, capacity=0.007 BTC
13:10:00 2017-07-14 [INF] DISC: Broadcasting batch of 1 new announcements
13:10:00 2017-07-14 [DBG] SRVR: Broadcasting 1 messages
13:10:00 2017-07-14 [DBG] CRTR: Updating chain filter with new UTXO's: [d8dc019280a8531fdcf26e350874fe3100c06925306f002d85c943d9c215609e:0]
13:10:00 2017-07-14 [INF] CRTR: New channel update applied: (*channeldb.ChannelEdgePolicy)(0xc42006ee40)({
 Signature: (*btcec.Signature)(0xc42097a340)({
  R: (*big.Int)(0xc4202acdc0)(43360508817072627848526363515791742757388705686573658861812406878808132546915),
  S: (*big.Int)(0xc4202acde0)(49235982909254318638812101511629811582919853669403698555598490521746915341252)
 }),
 ChannelID: (uint64) 523131139829137408,
 LastUpdate: (time.Time) 2017-07-14 13:09:59 +0200 CEST,
 Flags: (uint16) 1,
 TimeLockDelta: (uint16) 1,
 MinHTLC: (btcutil.Amount) 0 BTC,
 FeeBaseMSat: (btcutil.Amount) 0 BTC,
 FeeProportionalMillionths: (btcutil.Amount) 0 BTC,
 Node: (*channeldb.LightningNode)(<nil>),
 db: (*channeldb.DB)(<nil>)
})

13:10:00 2017-07-14 [INF] CRTR: New channel update applied: (*channeldb.ChannelEdgePolicy)(0xc4201ccd20)({
 Signature: (*btcec.Signature)(0xc420460640)({
  R: (*big.Int)(0xc4202ac060)(37946087535300491858398265371506519970869005014770431168784791396666558441486),
  S: (*big.Int)(0xc4202ac080)(29311032722138540903855212724033969214498643328683765839215678901955296439603)
 }),
 ChannelID: (uint64) 523131139829137408,
 LastUpdate: (time.Time) 2017-07-14 13:09:59 +0200 CEST,
 Flags: (uint16) 0,
 TimeLockDelta: (uint16) 1,
 MinHTLC: (btcutil.Amount) 0 BTC,
 FeeBaseMSat: (btcutil.Amount) 0 BTC,
 FeeProportionalMillionths: (btcutil.Amount) 0 BTC,
 Node: (*channeldb.LightningNode)(<nil>),
 db: (*channeldb.DB)(<nil>)
})

13:10:00 2017-07-14 [INF] DISC: Broadcasting batch of 2 new announcements
13:10:00 2017-07-14 [DBG] SRVR: Broadcasting 2 messages
13:11:51 2017-07-14 [INF] NTFN: New block: height=475786, sha=000000000000000000a58db866f853a84e0431e30479f0c0ce7f5f0cf50f9c59
13:11:51 2017-07-14 [INF] CRTR: Pruning channel graph using block 000000000000000000a58db866f853a84e0431e30479f0c0ce7f5f0cf50f9c59 (height=475786)
13:11:52 2017-07-14 [INF] CRTR: Block 000000000000000000a58db866f853a84e0431e30479f0c0ce7f5f0cf50f9c59 (height=475786) closed 0 channels
13:11:54 2017-07-14 [INF] FNDG: Recv'd fundingRequest(amt=0.007 BTC, push=0 BTC, delay=4, pendingId=bfe62b8e42b15460da9564bb5481c712a56e10aaa454958be7e237245bb22ac1) from peer(0350c850baa9e8882731546ceb9e20c9a8db6123b558ee58248c62496850457aa4)
13:11:55 2017-07-14 [INF] FNDG: Sending fundingResp for pendingID(bfe62b8e42b15460da9564bb5481c712a56e10aaa454958be7e237245bb22ac1)
13:11:55 2017-07-14 [DBG] SRVR: Attempting to send msgs 1 to: 0350c850baa9e8882731546ceb9e20c9a8db6123b558ee58248c62496850457aa4
13:11:55 2017-07-14 [INF] FNDG: completing pendingID(bfe62b8e42b15460da9564bb5481c712a56e10aaa454958be7e237245bb22ac1) with ChannelPoint(8a4bf5481b12ee572639454939bef0d5e5b1a92bb3892db431ebb88f944e3f90:1)
13:11:56 2017-07-14 [DBG] FNDG: Creating chan barrier for ChanID(903f4e948fb8eb31b42d89b32ba9b1e5d5f0be394945392657ee121b48f54b8a)
13:11:56 2017-07-14 [INF] FNDG: sending signComplete for pendingID(bfe62b8e42b15460da9564bb5481c712a56e10aaa454958be7e237245bb22ac1) over ChannelPoint(8a4bf5481b12ee572639454939bef0d5e5b1a92bb3892db431ebb88f944e3f90:1)
13:11:56 2017-07-14 [DBG] SRVR: Attempting to send msgs 1 to: 0350c850baa9e8882731546ceb9e20c9a8db6123b558ee58248c62496850457aa4
13:11:56 2017-07-14 [INF] FNDG: Waiting for funding tx (8a4bf5481b12ee572639454939bef0d5e5b1a92bb3892db431ebb88f944e3f90) to reach 1 confirmations
13:11:56 2017-07-14 [INF] NTFN: New confirmations subscription: txid=8a4bf5481b12ee572639454939bef0d5e5b1a92bb3892db431ebb88f944e3f90, numconfs=1
13:11:56 2017-07-14 [INF] NTFN: Attempting to trigger dispatch for 8a4bf5481b12ee572639454939bef0d5e5b1a92bb3892db431ebb88f944e3f90 from historical chain
13:11:56 2017-07-14 [WRN] NTFN: unable to query for txid(8a4bf5481b12ee572639454939bef0d5e5b1a92bb3892db431ebb88f944e3f90): -5: The transaction index must be enabled to query the blockchain (specify --txindex)
13:22:47 2017-07-14 [INF] CRTR: Pruning channel graph using block 00000000000000000112ae0fffce17a43d5d2831183d9460b8a68b34a9910976 (height=475787)
13:22:47 2017-07-14 [INF] NTFN: New block: height=475787, sha=00000000000000000112ae0fffce17a43d5d2831183d9460b8a68b34a9910976
13:22:47 2017-07-14 [INF] NTFN: Dispatching single conf notification, sha=8a4bf5481b12ee572639454939bef0d5e5b1a92bb3892db431ebb88f944e3f90, height=475787
13:22:47 2017-07-14 [INF] FNDG: ChannelPoint(8a4bf5481b12ee572639454939bef0d5e5b1a92bb3892db431ebb88f944e3f90:1) is now active: ChannelID(39303366346539343866623865623331623432643839623332626139623165356435663062653339343934353339323635376565313231623438663534623861)
13:22:47 2017-07-14 [INF] CRTR: Block 00000000000000000112ae0fffce17a43d5d2831183d9460b8a68b34a9910976 (height=475787) closed 0 channels
13:22:48 2017-07-14 [DBG] LNWL: ChannelPoint(8a4bf5481b12ee572639454939bef0d5e5b1a92bb3892db431ebb88f944e3f90:1), starting local commitment: (*lnwallet.commitment)(0xc42009d200)({
 height: (uint64) 0,
 ourMessageIndex: (uint64) 0,
 theirMessageIndex: (uint64) 0,
 txn: (*wire.MsgTx)(<nil>),
 sig: ([]uint8) <nil>,
 ourBalance: (btcutil.Amount) 0 BTC,
 theirBalance: (btcutil.Amount) 0.006457 BTC,
 fee: (btcutil.Amount) 0.000543 BTC,
 outgoingHTLCs: ([]lnwallet.PaymentDescriptor) <nil>,
 incomingHTLCs: ([]lnwallet.PaymentDescriptor) <nil>
})

13:22:48 2017-07-14 [DBG] LNWL: ChannelPoint(8a4bf5481b12ee572639454939bef0d5e5b1a92bb3892db431ebb88f944e3f90:1), starting remote commitment: (*lnwallet.commitment)(0xc42009d280)({
 height: (uint64) 0,
 ourMessageIndex: (uint64) 0,
 theirMessageIndex: (uint64) 0,
 txn: (*wire.MsgTx)(<nil>),
 sig: ([]uint8) <nil>,
 ourBalance: (btcutil.Amount) 0 BTC,
 theirBalance: (btcutil.Amount) 0.006457 BTC,
 fee: (btcutil.Amount) 0.000543 BTC,
 outgoingHTLCs: ([]lnwallet.PaymentDescriptor) <nil>,
 incomingHTLCs: ([]lnwallet.PaymentDescriptor) <nil>
})

13:22:48 2017-07-14 [INF] NTFN: New spend subscription: utxo=8a4bf5481b12ee572639454939bef0d5e5b1a92bb3892db431ebb88f944e3f90:1
13:22:48 2017-07-14 [INF] LNWL: Close observer for ChannelPoint(8a4bf5481b12ee572639454939bef0d5e5b1a92bb3892db431ebb88f944e3f90:1) active
13:22:48 2017-07-14 [DBG] BRAR: New contract detected, launching breachObserver
13:22:48 2017-07-14 [INF] PEER: New channel active ChannelPoint(8a4bf5481b12ee572639454939bef0d5e5b1a92bb3892db431ebb88f944e3f90:1) with peerId(1)
13:22:48 2017-07-14 [DBG] BRAR: Breach observer for ChannelPoint(8a4bf5481b12ee572639454939bef0d5e5b1a92bb3892db431ebb88f944e3f90:1) started
13:22:48 2017-07-14 [INF] HSWC: registering new link, interface=498d95e6942d897ee9bde840de99dc1d82f0a0198f2db6ef5a06676cfec73550, onion_link=d25a415709b23e1786d21a41b1b4543731b72629, chan_point=8a4bf5481b12ee572639454939bef0d5e5b1a92bb3892db431ebb88f944e3f90:1, capacity=0.007 BTC
13:22:48 2017-07-14 [INF] PEER: HTLC manager for ChannelPoint(8a4bf5481b12ee572639454939bef0d5e5b1a92bb3892db431ebb88f944e3f90:1) started, our_balance=0 BTC, their_balance=0.006457 BTC, chain_height=0
13:22:48 2017-07-14 [DBG] LNWL: ChannelPoint(8a4bf5481b12ee572639454939bef0d5e5b1a92bb3892db431ebb88f944e3f90:1), starting local commitment: (*lnwallet.commitment)(0xc420728000)({
 height: (uint64) 0,
 ourMessageIndex: (uint64) 0,
 theirMessageIndex: (uint64) 0,
 txn: (*wire.MsgTx)(<nil>),
 sig: ([]uint8) <nil>,
 ourBalance: (btcutil.Amount) 0 BTC,
 theirBalance: (btcutil.Amount) 0.006457 BTC,
 fee: (btcutil.Amount) 0.000543 BTC,
 outgoingHTLCs: ([]lnwallet.PaymentDescriptor) <nil>,
 incomingHTLCs: ([]lnwallet.PaymentDescriptor) <nil>
})

13:22:48 2017-07-14 [DBG] LNWL: ChannelPoint(8a4bf5481b12ee572639454939bef0d5e5b1a92bb3892db431ebb88f944e3f90:1), starting remote commitment: (*lnwallet.commitment)(0xc420728080)({
 height: (uint64) 0,
 ourMessageIndex: (uint64) 0,
 theirMessageIndex: (uint64) 0,
 txn: (*wire.MsgTx)(<nil>),
 sig: ([]uint8) <nil>,
 ourBalance: (btcutil.Amount) 0 BTC,
 theirBalance: (btcutil.Amount) 0.006457 BTC,
 fee: (btcutil.Amount) 0.000543 BTC,
 outgoingHTLCs: ([]lnwallet.PaymentDescriptor) <nil>,
 incomingHTLCs: ([]lnwallet.PaymentDescriptor) <nil>
})

13:22:48 2017-07-14 [DBG] SRVR: Attempting to send msgs 1 to: 0350c850baa9e8882731546ceb9e20c9a8db6123b558ee58248c62496850457aa4
13:22:48 2017-07-14 [INF] FNDG: Announcing ChannelPoint(8a4bf5481b12ee572639454939bef0d5e5b1a92bb3892db431ebb88f944e3f90:1), short_chan_id=(lnwire.ShortChannelID) {
 BlockHeight: (uint32) 475787,
 TxIndex: (uint32) 471,
 TxPosition: (uint16) 1
}

13:22:48 2017-07-14 [INF] CRTR: New channel discovered! Link connects 0350c850baa9e8882731546ceb9e20c9a8db6123b558ee58248c62496850457aa4 and 037dbf2ba33bf076aaa07d5ba71890e3f0f1af610a7cc762ee7d56b39f438b900a with ChannelPoint(8a4bf5481b12ee572639454939bef0d5e5b1a92bb3892db431ebb88f944e3f90:1): chan_id=523133338875527169, capacity=0.007 BTC
13:22:48 2017-07-14 [DBG] CRTR: Updating chain filter with new UTXO's: [8a4bf5481b12ee572639454939bef0d5e5b1a92bb3892db431ebb88f944e3f90:1]
13:22:48 2017-07-14 [INF] CRTR: New channel update applied: (*channeldb.ChannelEdgePolicy)(0xc4211b04e0)({
 Signature: (*btcec.Signature)(0xc42033f3d0)({
  R: (*big.Int)(0xc4201bd840)(28537830604799475272711528721042068640062066268982033328789193255549097253104),
  S: (*big.Int)(0xc4201bd8e0)(48902814506192180036781358761304540836306516077800131504897386523294661633186)
 }),
 ChannelID: (uint64) 523133338875527169,
 LastUpdate: (time.Time) 2017-07-14 13:22:48 +0200 CEST,
 Flags: (uint16) 1,
 TimeLockDelta: (uint16) 1,
 MinHTLC: (btcutil.Amount) 0 BTC,
 FeeBaseMSat: (btcutil.Amount) 0 BTC,
 FeeProportionalMillionths: (btcutil.Amount) 0 BTC,
 Node: (*channeldb.LightningNode)(<nil>),
 db: (*channeldb.DB)(<nil>)
})

13:22:48 2017-07-14 [INF] DISC: Received new channel announcement: (*lnwire.AnnounceSignatures)(0xc420887a40)({
 ChannelID: (lnwire.ChannelID) (len=32 cap=32) 903f4e948fb8eb31b42d89b32ba9b1e5d5f0be394945392657ee121b48f54b8a,
 ShortChannelID: (lnwire.ShortChannelID) {
  BlockHeight: (uint32) 475787,
  TxIndex: (uint32) 471,
  TxPosition: (uint16) 1
 },
 NodeSignature: (*btcec.Signature)(0xc42033f400)({
  R: (*big.Int)(0xc4211df5c0)(47446081685910793117465780858064865418244989080374172347444013084783329345063),
  S: (*big.Int)(0xc4211df660)(56456329797026186555534012007348352995150569945373349168485323715673858503515)
 }),
 BitcoinSignature: (*btcec.Signature)(0xc42033f420)({
  R: (*big.Int)(0xc4202ad900)(83240492578210632737244594427063448615720871650095806161564632454578545677397),
  S: (*big.Int)(0xc4202ad9a0)(42363089731729533641245309606993004079573578002593938725363799539118296137195)
 })
})

13:22:48 2017-07-14 [DBG] SRVR: Attempting to send msgs 1 to: 0350c850baa9e8882731546ceb9e20c9a8db6123b558ee58248c62496850457aa4
13:22:48 2017-07-14 [INF] DISC: Sent channel announcement proof for short_chan_id=523133338875527169 to remote peer: 0350c850baa9e8882731546ceb9e20c9a8db6123b558ee58248c62496850457aa4
13:22:48 2017-07-14 [INF] DISC: 1/2 of channel ann proof received for short_chan_id=523133338875527169, waiting for other half
13:22:48 2017-07-14 [INF] DISC: Received new channel announcement: (*lnwire.AnnounceSignatures)(0xc42076dc80)({
 ChannelID: (lnwire.ChannelID) (len=32 cap=32) 903f4e948fb8eb31b42d89b32ba9b1e5d5f0be394945392657ee121b48f54b8a,
 ShortChannelID: (lnwire.ShortChannelID) {
  BlockHeight: (uint32) 475787,
  TxIndex: (uint32) 471,
  TxPosition: (uint16) 1
 },
 NodeSignature: (*btcec.Signature)(0xc4209285d0)({
  R: (*big.Int)(0xc42064ad40)(3618219331217973329763171361347015212570646770483189555970720134886202790006),
  S: (*big.Int)(0xc42064ada0)(19749453649905991266147176333095153847990203710023222692727319650099650725243)
 }),
 BitcoinSignature: (*btcec.Signature)(0xc4209285e0)({
  R: (*big.Int)(0xc42064adc0)(112347872705992818869966954776070813161323136699391203569047939423859877601135),
  S: (*big.Int)(0xc42064ade0)(20841516271000021911221885963878841803374264052691731068610307666241930424224)
 })
})

13:22:49 2017-07-14 [INF] DISC: Fully valid channel proof for short_chan_id=523133338875527169 constructed, adding to next ann batch
13:22:49 2017-07-14 [INF] DISC: Broadcasting batch of 2 new announcements
13:22:49 2017-07-14 [DBG] SRVR: Broadcasting 2 messages
13:22:49 2017-07-14 [DBG] DISC: Ignoring msg for known chan_id=523133338875527169
13:22:49 2017-07-14 [INF] CRTR: New channel update applied: (*channeldb.ChannelEdgePolicy)(0xc4201cde00)({
 Signature: (*btcec.Signature)(0xc42033fea0)({
  R: (*big.Int)(0xc4206e4200)(94346652219781068865862235385970662964607358345911207252183371492469997045940),
  S: (*big.Int)(0xc4206e4220)(26604812193090440034561845754199450893745058904290400373534125103797820505122)
 }),
 ChannelID: (uint64) 523133338875527169,
 LastUpdate: (time.Time) 2017-07-14 13:22:48 +0200 CEST,
 Flags: (uint16) 0,
 TimeLockDelta: (uint16) 1,
 MinHTLC: (btcutil.Amount) 0 BTC,
 FeeBaseMSat: (btcutil.Amount) 0 BTC,
 FeeProportionalMillionths: (btcutil.Amount) 0 BTC,
 Node: (*channeldb.LightningNode)(<nil>),
 db: (*channeldb.DB)(<nil>)
})

13:22:49 2017-07-14 [DBG] DISC: Ignoring announcement (flags=1) for known chan_id=523133338875527169
13:22:49 2017-07-14 [INF] DISC: Broadcasting batch of 1 new announcements
13:22:49 2017-07-14 [DBG] SRVR: Broadcasting 1 messages
13:26:42 2017-07-14 [DBG] RPCS: [walletbalance] balance=0 BTC
13:27:42 2017-07-14 [DBG] DISC: Ignoring announcement (flags=1) for known chan_id=523131139829137408
13:27:42 2017-07-14 [DBG] DISC: Ignoring announcement (flags=0) for known chan_id=523133338875527169
13:27:57 2017-07-14 [DBG] DISC: Retransmitting 1 outgoing channels
13:27:57 2017-07-14 [DBG] SRVR: Broadcasting 1 messages
13:29:03 2017-07-14 [DBG] LTND: Adding invoice (*channeldb.Invoice)(0xc42009c480)({
 Memo: ([]uint8) (cap=8) {
 },
 Receipt: ([]uint8) <nil>,
 CreationDate: (time.Time) 2017-07-14 13:29:03.228120853 +0200 CEST,
 Terms: (channeldb.ContractTerm) {
  PaymentPreimage: ([32]uint8) (len=32 cap=32) {
   00000000  ce aa a9 d2 d7 25 8c 45  e2 cd bd aa 69 93 45 7e  |.....%.E....i.E~|
   00000010  80 e2 ea ec f1 d4 37 05  c0 d6 49 5a a0 84 9b 9a  |......7...IZ....|
  },
  Value: (btcutil.Amount) 0.003 BTC,
  Settled: (bool) false
 }
})

13:29:28 2017-07-14 [DBG] LTND: Settling invoice 8c57549be81f84afc611f07952324bf99a1e8aa3d50caef63cfdffc830815aec
13:29:28 2017-07-14 [INF] LTND: Payment received: (*channeldb.Invoice)(0xc4201c9b00)({
 Memo: ([]uint8) {
 },
 Receipt: ([]uint8) {
 },
 CreationDate: (time.Time) 2017-07-14 13:29:03.228120853 +0200 CEST,
 Terms: (channeldb.ContractTerm) {
  PaymentPreimage: ([32]uint8) (len=32 cap=32) {
   00000000  ce aa a9 d2 d7 25 8c 45  e2 cd bd aa 69 93 45 7e  |.....%.E....i.E~|
   00000010  80 e2 ea ec f1 d4 37 05  c0 d6 49 5a a0 84 9b 9a  |......7...IZ....|
  },
  Value: (btcutil.Amount) 0.003 BTC,
  Settled: (bool) true
 }
})

13:34:20 2017-07-14 [INF] CRTR: Pruning channel graph using block 0000000000000000003c2901f9a8aadbec9d749616fcb3d2a1756e56773defc4 (height=475788)
13:34:20 2017-07-14 [INF] NTFN: New block: height=475788, sha=0000000000000000003c2901f9a8aadbec9d749616fcb3d2a1756e56773defc4
13:34:20 2017-07-14 [INF] CRTR: Block 0000000000000000003c2901f9a8aadbec9d749616fcb3d2a1756e56773defc4 (height=475788) closed 1 channels
13:35:48 2017-07-14 [INF] PEER: Broadcasting cooperative close tx: (*wire.MsgTx)(0xc4211393c0)({
 Version: (int32) 2,
 TxIn: ([]*wire.TxIn) (len=1 cap=15) {
  (*wire.TxIn)(0xc4211d2690)({
   PreviousOutPoint: (wire.OutPoint) 8a4bf5481b12ee572639454939bef0d5e5b1a92bb3892db431ebb88f944e3f90:1,
   SignatureScript: ([]uint8) (len=217 cap=500) {
    00000000  00 47 30 44 02 20 2c 48  28 02 13 e0 f0 dd 7d 6a  |.G0D. ,H(.....}j|
    00000010  be 87 0d 6b 60 6b 27 f9  45 a0 d4 4c 0c 30 54 04  |...k`k'.E..L.0T.|
    00000020  87 52 1e 52 a0 64 02 20  47 1d cd ef 06 6b 5a 06  |.R.R.d. G....kZ.|
    00000030  20 e5 ad 24 bb 04 6a 20  2f 5e f7 3b 3f 76 dd 1f  | ..$..j /^.;?v..|
    00000040  e0 89 fb b5 c9 21 64 0f  01 47 30 44 02 20 50 ec  |.....!d..G0D. P.|
    00000050  a2 ce 8a eb c4 f6 68 00  c3 9e 4c 44 d7 7b 9a 5c  |......h...LD.{.\|
    00000060  cd bb e7 56 71 57 cd 5f  f0 c7 b2 bc 81 d4 02 20  |...VqW._....... |
    00000070  3b 5c 77 7b 9e a8 ab 0f  d6 8c 26 c3 3c 6d 42 8c  |;\w{......&.<mB.|
    00000080  85 39 a4 a7 35 42 c9 48  46 1f a1 ce 21 e9 33 e0  |.9..5B.HF...!.3.|
    00000090  01 47 52 21 02 f7 e9 cc  74 f5 9d d6 13 2b 9d 90  |.GR!....t....+..|
    000000a0  86 46 ed 2e f9 96 b7 99  10 13 bb a4 b3 06 12 8c  |.F..............|
    000000b0  a7 b6 66 e2 d9 21 02 b8  8c 9b f1 fa 74 80 0c 33  |..f..!......t..3|
    000000c0  88 56 80 0d f6 fe 56 46  a9 4c 46 85 f9 e1 f7 03  |.V....VF.LF.....|
    000000d0  7c 65 9e bf 7f 4b 97 52  ae                       ||e...K.R.|
   },
   Sequence: (uint32) 2154150834
  })
 },
 TxOut: ([]*wire.TxOut) (len=2 cap=15) {
  (*wire.TxOut)(0xc420742300)({
   Value: (int64) 291400,
   PkScript: ([]uint8) (len=25 cap=25) {
    00000000  76 a9 14 8d 43 6e 0e 96  0c ee 48 a6 43 f1 6a 69  |v...Cn....H.C.ji|
    00000010  7c f6 8a 57 d2 99 34 88  ac                       ||..W..4..|
   }
  }),
  (*wire.TxOut)(0xc4207422e0)({
   Value: (int64) 300000,
   PkScript: ([]uint8) (len=25 cap=25) {
    00000000  76 a9 14 e0 8e 92 1f 86  99 89 e0 a3 0f 5b 3c 4f  |v............[<O|
    00000010  ac 3b a3 7e 9e 41 e4 88  ac                       |.;.~.A...|
   }
  })
 },
 LockTime: (uint32) 0
})

13:35:48 2017-07-14 [INF] PEER: ChannelPoint(8a4bf5481b12ee572639454939bef0d5e5b1a92bb3892db431ebb88f944e3f90:1) is now closed
13:35:48 2017-07-14 [DBG] HSWC: unregistering active link, interface=498d95e6942d897ee9bde840de99dc1d82f0a0198f2db6ef5a06676cfec73550, chan_id=903f4e948fb8eb31b42d89b32ba9b1e5d5f0be394945392657ee121b48f54b8a
13:35:48 2017-07-14 [DBG] BRAR: ChannelPoint(8a4bf5481b12ee572639454939bef0d5e5b1a92bb3892db431ebb88f944e3f90:1) has been settled, cancelling breachObserver
13:35:48 2017-07-14 [INF] NTFN: Cancelling spend notification for out_point=8a4bf5481b12ee572639454939bef0d5e5b1a92bb3892db431ebb88f944e3f90:1, spend_id=1
13:35:48 2017-07-14 [DBG] DISC: Marked address 1MUM9xpZNWSQ5Q3szEzbiU6TT1kBV7KXYj used
13:35:48 2017-07-14 [INF] NTFN: New spend subscription: utxo=8a4bf5481b12ee572639454939bef0d5e5b1a92bb3892db431ebb88f944e3f90:1
13:36:09 2017-07-14 [INF] CRTR: Pruning channel graph using block 0000000000000000015320a88bdc2fc3d217ee0121351a6b60ddaeda34c8de95 (height=475789)
13:36:09 2017-07-14 [INF] NTFN: New block: height=475789, sha=0000000000000000015320a88bdc2fc3d217ee0121351a6b60ddaeda34c8de95
13:36:09 2017-07-14 [INF] CRTR: Block 0000000000000000015320a88bdc2fc3d217ee0121351a6b60ddaeda34c8de95 (height=475789) closed 0 channels
13:42:19 2017-07-14 [INF] NTFN: Dispatching spend notification for outpoint=8a4bf5481b12ee572639454939bef0d5e5b1a92bb3892db431ebb88f944e3f90:1
13:42:19 2017-07-14 [INF] SRVR: ChannelPoint(8a4bf5481b12ee572639454939bef0d5e5b1a92bb3892db431ebb88f944e3f90:1) is now closed at height 475790
13:42:19 2017-07-14 [DBG] DISC: Marked address 1MUM9xpZNWSQ5Q3szEzbiU6TT1kBV7KXYj used
13:42:20 2017-07-14 [INF] NTFN: New block: height=475790, sha=00000000000000000051970d966ebe691064164e8f4d27f6d9b867a7a3c052ed
13:42:20 2017-07-14 [INF] CRTR: Pruning channel graph using block 00000000000000000051970d966ebe691064164e8f4d27f6d9b867a7a3c052ed (height=475790)
13:42:20 2017-07-14 [INF] CRTR: Block 00000000000000000051970d966ebe691064164e8f4d27f6d9b867a7a3c052ed (height=475790) closed 1 channels
13:44:52 2017-07-14 [INF] CRTR: Pruning channel graph using block 000000000000000000ae1a40aec00ac52c9879e19ee638a8ec6419eead195f7a (height=475791)
13:44:52 2017-07-14 [INF] NTFN: New block: height=475791, sha=000000000000000000ae1a40aec00ac52c9879e19ee638a8ec6419eead195f7a
13:44:52 2017-07-14 [INF] CRTR: Block 000000000000000000ae1a40aec00ac52c9879e19ee638a8ec6419eead195f7a (height=475791) closed 0 channels
13:45:26 2017-07-14 [DBG] RPCS: [walletbalance] balance=0.003 BTC
13:48:39 2017-07-14 [INF] CRTR: Pruning channel graph using block 0000000000000000015bba374bf05cf8a6699d1a1fc4b552e1eeff3cef8323e5 (height=475792)
13:48:39 2017-07-14 [INF] NTFN: New block: height=475792, sha=0000000000000000015bba374bf05cf8a6699d1a1fc4b552e1eeff3cef8323e5
13:48:39 2017-07-14 [INF] CRTR: Block 0000000000000000015bba374bf05cf8a6699d1a1fc4b552e1eeff3cef8323e5 (height=475792) closed 0 channels