12:27:38 2017-07-14 [INF] LTND: Version 0.2.1-alpha
12:27:38 2017-07-14 [INF] CHDB: Checking for schema update: latest_version=1, db_version=1
12:27:38 2017-07-14 [INF] LTND: Primary chain is set to: bitcoin
12:27:41 2017-07-14 [INF] DISC: Opened wallet
12:27:42 2017-07-14 [INF] DISC: The wallet has been unlocked without a time limit
12:27:42 2017-07-14 [INF] LTND: LightningWallet opened
12:27:42 2017-07-14 [INF] NTFN: New block epoch subscription
12:27:42 2017-07-14 [INF] DISC: Authenticated Gossiper is starting
12:27:42 2017-07-14 [INF] NTFN: New block epoch subscription
12:27:42 2017-07-14 [INF] CRTR: FilteredChainView starting
12:27:42 2017-07-14 [INF] CRTR: Prune tip for Channel Graph: height=0, hash=<nil>
12:27:42 2017-07-14 [INF] CRTR: Filtering chain using 0 channels active
12:27:42 2017-07-14 [DBG] CRTR: Updating chain filter with new UTXO's: []
12:27:42 2017-07-14 [INF] CMGR: Server listening on [::]:13011
12:27:42 2017-07-14 [INF] RPCS: RPC server listening on 127.0.0.1:13009
12:27:42 2017-07-14 [INF] RPCS: gRPC proxy started
12:28:43 2017-07-14 [DBG] RPCS: [walletbalance] balance=0 BTC
12:29:32 2017-07-14 [INF] RPCS: [newaddress] addr=1LpwSZakbctBB43T1c8DpuqDQHc9fPx53o
12:32:05 2017-07-14 [DBG] DISC: Marked address 1LpwSZakbctBB43T1c8DpuqDQHc9fPx53o used
12:51:29 2017-07-14 [INF] CRTR: Pruning channel graph using block 0000000000000000008e15e31dc6fd15519ee6dcafaaac9884b311ae508e7062 (height=475782)
12:51:29 2017-07-14 [INF] NTFN: New block: height=475782, sha=0000000000000000008e15e31dc6fd15519ee6dcafaaac9884b311ae508e7062
12:51:30 2017-07-14 [INF] CRTR: Block 0000000000000000008e15e31dc6fd15519ee6dcafaaac9884b311ae508e7062 (height=475782) closed 0 channels
12:57:11 2017-07-14 [DBG] DISC: Marked address 1LpwSZakbctBB43T1c8DpuqDQHc9fPx53o used
12:57:11 2017-07-14 [INF] CRTR: Pruning channel graph using block 0000000000000000003bb496a1c8778f16ae3329e5a442255771fedcdb3e0113 (height=475783)
12:57:11 2017-07-14 [INF] NTFN: New block: height=475783, sha=0000000000000000003bb496a1c8778f16ae3329e5a442255771fedcdb3e0113
12:57:11 2017-07-14 [INF] CRTR: Block 0000000000000000003bb496a1c8778f16ae3329e5a442255771fedcdb3e0113 (height=475783) closed 0 channels
13:02:40 2017-07-14 [DBG] RPCS: [walletbalance] balance=0.01896 BTC
13:05:22 2017-07-14 [DBG] RPCS: [walletbalance] balance=0.01896 BTC
13:06:24 2017-07-14 [INF] NTFN: New block: height=475784, sha=000000000000000000a9c9fd6a9e2b9076bec90be7578039bfb2aafeee577637
13:06:24 2017-07-14 [INF] CRTR: Pruning channel graph using block 000000000000000000a9c9fd6a9e2b9076bec90be7578039bfb2aafeee577637 (height=475784)
13:06:24 2017-07-14 [INF] CRTR: Block 000000000000000000a9c9fd6a9e2b9076bec90be7578039bfb2aafeee577637 (height=475784) closed 0 channels
13:06:51 2017-07-14 [ERR] RPCS: unable to open channel to identityPub(029585b91831567b464edd36675433ecb5b39d156959b68c38b15b7024e615b7e2) nor peerID(0): unable to find peer nodeID(029585b91831567b464edd36675433ecb5b39d156959b68c38b15b7024e615b7e2), peerID(0)
13:07:29 2017-07-14 [DBG] SRVR: Connecting to 029585b91831567b464edd36675433ecb5b39d156959b68c38b15b7024e615b7e2@127.0.0.1:12011
13:07:29 2017-07-14 [INF] SRVR: Established connection to: 127.0.0.1:12011
13:07:29 2017-07-14 [DBG] RPCS: Connected to peer: 029585b91831567b464edd36675433ecb5b39d156959b68c38b15b7024e615b7e2@127.0.0.1:12011
13:07:29 2017-07-14 [DBG] PEER: Loaded 0 active channels from database with peerID(1)
13:07:29 2017-07-14 [INF] DISC: Syncing channel graph state with 029585b91831567b464edd36675433ecb5b39d156959b68c38b15b7024e615b7e2, sending 1 vertexes and 0 edges
13:07:29 2017-07-14 [DBG] SRVR: Attempting to send msgs 1 to: 029585b91831567b464edd36675433ecb5b39d156959b68c38b15b7024e615b7e2
13:07:29 2017-07-14 [INF] CRTR: Updated vertex data for node=029585b91831567b464edd36675433ecb5b39d156959b68c38b15b7024e615b7e2
13:07:29 2017-07-14 [INF] DISC: Broadcasting batch of 1 new announcements
13:07:29 2017-07-14 [DBG] SRVR: Broadcasting 1 messages
13:07:29 2017-07-14 [DBG] DISC: Ignoring outdated announcement for 0350c850baa9e8882731546ceb9e20c9a8db6123b558ee58248c62496850457aa4
13:07:32 2017-07-14 [INF] FNDG: Initiating fundingRequest(localAmt=0.007 BTC, remoteAmt=0 BTC, capacity=0.007 BTC, numConfs=1, addr=127.0.0.1:12011, dustLimit=0.00001 BTC)
13:07:32 2017-07-14 [INF] LNWL: Performing coin selection using 300 sat/byte as fee rate
13:07:32 2017-07-14 [INF] FNDG: Target sat/kw for pendingID(c463c43508143f42fffe2eff194872423c26cef47be31ebab81ab78c4885f584): 75000
13:07:32 2017-07-14 [INF] FNDG: Starting funding workflow with 127.0.0.1:12011 for pendingID(c463c43508143f42fffe2eff194872423c26cef47be31ebab81ab78c4885f584)
13:07:32 2017-07-14 [DBG] SRVR: Attempting to send msgs 1 to: 029585b91831567b464edd36675433ecb5b39d156959b68c38b15b7024e615b7e2
13:07:32 2017-07-14 [INF] FNDG: Recv'd fundingResponse for pendingID(c463c43508143f42fffe2eff194872423c26cef47be31ebab81ab78c4885f584)
13:07:32 2017-07-14 [DBG] FNDG: Creating chan barrier for ChanID(9e6015c2d943c9852d006f302569c00031fe7408356ef2dc1f53a8809201dcd8)
13:07:32 2017-07-14 [INF] FNDG: Generated ChannelPoint(d8dc019280a8531fdcf26e350874fe3100c06925306f002d85c943d9c215609e:0) for pendingID(c463c43508143f42fffe2eff194872423c26cef47be31ebab81ab78c4885f584)
13:07:32 2017-07-14 [DBG] SRVR: Attempting to send msgs 1 to: 029585b91831567b464edd36675433ecb5b39d156959b68c38b15b7024e615b7e2
13:07:32 2017-07-14 [INF] LNWL: Broadcasting funding tx for ChannelPoint(d8dc019280a8531fdcf26e350874fe3100c06925306f002d85c943d9c215609e:0): (*wire.MsgTx)(0xc4210ddec0)({
 Version: (int32) 1,
 TxIn: ([]*wire.TxIn) (len=1 cap=15) {
  (*wire.TxIn)(0xc42024b450)({
   PreviousOutPoint: (wire.OutPoint) e711b8219a9fac54ddbc70d07f47c58df17fafb04fd65d8a31705a0977e2ade3:1,
   SignatureScript: ([]uint8) (len=106 cap=500) {
    00000000  47 30 44 02 20 14 32 2b  39 85 c3 c7 e1 1e 7a aa  |G0D. .2+9.....z.|
    00000010  9f be c3 44 74 59 dd 03  f2 00 18 42 15 44 2e 9b  |...DtY.....B.D..|
    00000020  23 7f 1a 50 d7 02 20 32  28 c0 fc b9 33 27 d5 1f  |#..P.. 2(...3'..|
    00000030  7a e8 be 60 88 29 f3 59  89 1e a8 2d 1a a8 ca 7c  |z..`.).Y...-...||
    00000040  b9 a0 fa 22 e5 14 96 01  21 02 e7 c9 e9 aa b6 58  |..."....!......X|
    00000050  76 85 48 a1 a3 5f d1 97  63 e8 ba 32 d3 94 7a ad  |v.H.._..c..2..z.|
    00000060  7c 90 8a 76 8d 6c b6 65  7a 80                    ||..v.l.ez.|
   },
   Sequence: (uint32) 4294967295
  })
 },
 TxOut: ([]*wire.TxOut) (len=2 cap=15) {
  (*wire.TxOut)(0xc42073a7e0)({
   Value: (int64) 700000,
   PkScript: ([]uint8) (len=23 cap=500) {
    00000000  a9 14 eb a2 0e cf 4a 61  47 50 b5 fb 2c ef 39 87  |......JaGP..,.9.|
    00000010  e2 32 de a7 a2 85 87                              |.2.....|
   }
  }),
  (*wire.TxOut)(0xc4206ef7c0)({
   Value: (int64) 1136000,
   PkScript: ([]uint8) (len=25 cap=500) {
    00000000  76 a9 14 fd d7 91 66 64  a1 8c b7 6e 95 93 b1 1e  |v.....fd...n....|
    00000010  f1 ca 71 de 15 62 d4 88  ac                       |..q..b...|
   }
  })
 },
 LockTime: (uint32) 0
})

13:07:32 2017-07-14 [DBG] DISC: Marked address 1Q9CCTaBGkPb3ow9vzSBTT9r5g3488BBxC used
13:07:33 2017-07-14 [DBG] DISC: Marked address 1Q9CCTaBGkPb3ow9vzSBTT9r5g3488BBxC used
13:07:33 2017-07-14 [INF] FNDG: Finalizing pendingID(c463c43508143f42fffe2eff194872423c26cef47be31ebab81ab78c4885f584) over ChannelPoint(d8dc019280a8531fdcf26e350874fe3100c06925306f002d85c943d9c215609e:0), waiting for channel open on-chain
13:07:33 2017-07-14 [INF] FNDG: Waiting for funding tx (d8dc019280a8531fdcf26e350874fe3100c06925306f002d85c943d9c215609e) to reach 1 confirmations
13:07:33 2017-07-14 [INF] NTFN: New confirmations subscription: txid=d8dc019280a8531fdcf26e350874fe3100c06925306f002d85c943d9c215609e, numconfs=1
13:07:33 2017-07-14 [INF] NTFN: Attempting to trigger dispatch for d8dc019280a8531fdcf26e350874fe3100c06925306f002d85c943d9c215609e from historical chain
13:08:20 2017-07-14 [DBG] SRVR: Connecting to 037dbf2ba33bf076aaa07d5ba71890e3f0f1af610a7cc762ee7d56b39f438b900a@127.0.0.1:14011
13:08:20 2017-07-14 [INF] SRVR: Established connection to: 127.0.0.1:14011
13:08:20 2017-07-14 [DBG] RPCS: Connected to peer: 037dbf2ba33bf076aaa07d5ba71890e3f0f1af610a7cc762ee7d56b39f438b900a@127.0.0.1:14011
13:08:20 2017-07-14 [DBG] PEER: Loaded 0 active channels from database with peerID(2)
13:08:20 2017-07-14 [INF] DISC: Syncing channel graph state with 037dbf2ba33bf076aaa07d5ba71890e3f0f1af610a7cc762ee7d56b39f438b900a, sending 2 vertexes and 0 edges
13:08:20 2017-07-14 [DBG] SRVR: Attempting to send msgs 2 to: 037dbf2ba33bf076aaa07d5ba71890e3f0f1af610a7cc762ee7d56b39f438b900a
13:08:20 2017-07-14 [INF] CRTR: Updated vertex data for node=037dbf2ba33bf076aaa07d5ba71890e3f0f1af610a7cc762ee7d56b39f438b900a
13:08:20 2017-07-14 [INF] DISC: Broadcasting batch of 1 new announcements
13:08:20 2017-07-14 [DBG] SRVR: Broadcasting 1 messages
13:08:20 2017-07-14 [DBG] DISC: Ignoring outdated announcement for 029585b91831567b464edd36675433ecb5b39d156959b68c38b15b7024e615b7e2
13:08:20 2017-07-14 [DBG] DISC: Ignoring outdated announcement for 0350c850baa9e8882731546ceb9e20c9a8db6123b558ee58248c62496850457aa4
13:08:20 2017-07-14 [DBG] DISC: Ignoring outdated announcement for 037dbf2ba33bf076aaa07d5ba71890e3f0f1af610a7cc762ee7d56b39f438b900a
13:09:14 2017-07-14 [INF] FNDG: Initiating fundingRequest(localAmt=0.007 BTC, remoteAmt=0 BTC, capacity=0.007 BTC, numConfs=1, addr=127.0.0.1:14011, dustLimit=0.00001 BTC)
13:09:14 2017-07-14 [INF] LNWL: Performing coin selection using 300 sat/byte as fee rate
13:09:14 2017-07-14 [ERR] RPCS: unable to open channel to identityPub(037dbf2ba33bf076aaa07d5ba71890e3f0f1af610a7cc762ee7d56b39f438b900a) nor peerID(0): not enough outputs to create funding transaction, need 0.007 BTC only have 0 BTC  available
13:09:58 2017-07-14 [DBG] DISC: Marked address 1Q9CCTaBGkPb3ow9vzSBTT9r5g3488BBxC used
13:09:58 2017-07-14 [DBG] DISC: Marked address 1Q9CCTaBGkPb3ow9vzSBTT9r5g3488BBxC used
13:09:59 2017-07-14 [INF] CRTR: Pruning channel graph using block 000000000000000000cec812a90fd7f2bdf6b307a2827aee6d6c347885bd28fb (height=475785)
13:09:59 2017-07-14 [INF] NTFN: New block: height=475785, sha=000000000000000000cec812a90fd7f2bdf6b307a2827aee6d6c347885bd28fb
13:09:59 2017-07-14 [INF] NTFN: Dispatching single conf notification, sha=d8dc019280a8531fdcf26e350874fe3100c06925306f002d85c943d9c215609e, height=475785
13:09:59 2017-07-14 [INF] FNDG: ChannelPoint(d8dc019280a8531fdcf26e350874fe3100c06925306f002d85c943d9c215609e:0) is now active: ChannelID(39653630313563326439343363393835326430303666333032353639633030303331666537343038333536656632646331663533613838303932303164636438)
13:09:59 2017-07-14 [INF] CRTR: Block 000000000000000000cec812a90fd7f2bdf6b307a2827aee6d6c347885bd28fb (height=475785) closed 0 channels
13:09:59 2017-07-14 [DBG] LNWL: ChannelPoint(d8dc019280a8531fdcf26e350874fe3100c06925306f002d85c943d9c215609e:0), starting local commitment: (*lnwallet.commitment)(0xc42008fe80)({
 height: (uint64) 0,
 ourMessageIndex: (uint64) 0,
 theirMessageIndex: (uint64) 0,
 txn: (*wire.MsgTx)(<nil>),
 sig: ([]uint8) <nil>,
 ourBalance: (btcutil.Amount) 0.006457 BTC,
 theirBalance: (btcutil.Amount) 0 BTC,
 fee: (btcutil.Amount) 0.000543 BTC,
 outgoingHTLCs: ([]lnwallet.PaymentDescriptor) <nil>,
 incomingHTLCs: ([]lnwallet.PaymentDescriptor) <nil>
})

13:09:59 2017-07-14 [DBG] LNWL: ChannelPoint(d8dc019280a8531fdcf26e350874fe3100c06925306f002d85c943d9c215609e:0), starting remote commitment: (*lnwallet.commitment)(0xc42008ff00)({
 height: (uint64) 0,
 ourMessageIndex: (uint64) 0,
 theirMessageIndex: (uint64) 0,
 txn: (*wire.MsgTx)(<nil>),
 sig: ([]uint8) <nil>,
 ourBalance: (btcutil.Amount) 0.006457 BTC,
 theirBalance: (btcutil.Amount) 0 BTC,
 fee: (btcutil.Amount) 0.000543 BTC,
 outgoingHTLCs: ([]lnwallet.PaymentDescriptor) <nil>,
 incomingHTLCs: ([]lnwallet.PaymentDescriptor) <nil>
})

13:09:59 2017-07-14 [INF] NTFN: New spend subscription: utxo=d8dc019280a8531fdcf26e350874fe3100c06925306f002d85c943d9c215609e:0
13:09:59 2017-07-14 [INF] LNWL: Close observer for ChannelPoint(d8dc019280a8531fdcf26e350874fe3100c06925306f002d85c943d9c215609e:0) active
13:09:59 2017-07-14 [INF] PEER: New channel active ChannelPoint(d8dc019280a8531fdcf26e350874fe3100c06925306f002d85c943d9c215609e:0) with peerId(1)
13:09:59 2017-07-14 [DBG] BRAR: New contract detected, launching breachObserver
13:09:59 2017-07-14 [DBG] BRAR: Breach observer for ChannelPoint(d8dc019280a8531fdcf26e350874fe3100c06925306f002d85c943d9c215609e:0) started
13:09:59 2017-07-14 [INF] HSWC: registering new link, interface=479238a53464357a43f13057d2581d9ce57abbcf9e7a68935f7a4b3f1b78b47a, onion_link=8b92332464951ff57ebfdce433af9380b48663c7, chan_point=d8dc019280a8531fdcf26e350874fe3100c06925306f002d85c943d9c215609e:0, capacity=0.007 BTC
13:09:59 2017-07-14 [INF] PEER: HTLC manager for ChannelPoint(d8dc019280a8531fdcf26e350874fe3100c06925306f002d85c943d9c215609e:0) started, our_balance=0.006457 BTC, their_balance=0 BTC, chain_height=0
13:09:59 2017-07-14 [DBG] LNWL: ChannelPoint(d8dc019280a8531fdcf26e350874fe3100c06925306f002d85c943d9c215609e:0), starting local commitment: (*lnwallet.commitment)(0xc4202edc00)({
 height: (uint64) 0,
 ourMessageIndex: (uint64) 0,
 theirMessageIndex: (uint64) 0,
 txn: (*wire.MsgTx)(<nil>),
 sig: ([]uint8) <nil>,
 ourBalance: (btcutil.Amount) 0.006457 BTC,
 theirBalance: (btcutil.Amount) 0 BTC,
 fee: (btcutil.Amount) 0.000543 BTC,
 outgoingHTLCs: ([]lnwallet.PaymentDescriptor) <nil>,
 incomingHTLCs: ([]lnwallet.PaymentDescriptor) <nil>
})

13:09:59 2017-07-14 [DBG] LNWL: ChannelPoint(d8dc019280a8531fdcf26e350874fe3100c06925306f002d85c943d9c215609e:0), starting remote commitment: (*lnwallet.commitment)(0xc4202edc80)({
 height: (uint64) 0,
 ourMessageIndex: (uint64) 0,
 theirMessageIndex: (uint64) 0,
 txn: (*wire.MsgTx)(<nil>),
 sig: ([]uint8) <nil>,
 ourBalance: (btcutil.Amount) 0.006457 BTC,
 theirBalance: (btcutil.Amount) 0 BTC,
 fee: (btcutil.Amount) 0.000543 BTC,
 outgoingHTLCs: ([]lnwallet.PaymentDescriptor) <nil>,
 incomingHTLCs: ([]lnwallet.PaymentDescriptor) <nil>
})

13:09:59 2017-07-14 [DBG] SRVR: Attempting to send msgs 1 to: 029585b91831567b464edd36675433ecb5b39d156959b68c38b15b7024e615b7e2
13:09:59 2017-07-14 [INF] FNDG: Announcing ChannelPoint(d8dc019280a8531fdcf26e350874fe3100c06925306f002d85c943d9c215609e:0), short_chan_id=(lnwire.ShortChannelID) {
 BlockHeight: (uint32) 475785,
 TxIndex: (uint32) 118,
 TxPosition: (uint16) 0
}

13:09:59 2017-07-14 [INF] CRTR: New channel discovered! Link connects 029585b91831567b464edd36675433ecb5b39d156959b68c38b15b7024e615b7e2 and 0350c850baa9e8882731546ceb9e20c9a8db6123b558ee58248c62496850457aa4 with ChannelPoint(d8dc019280a8531fdcf26e350874fe3100c06925306f002d85c943d9c215609e:0): chan_id=523131139829137408, capacity=0.007 BTC
13:09:59 2017-07-14 [DBG] CRTR: Updating chain filter with new UTXO's: [d8dc019280a8531fdcf26e350874fe3100c06925306f002d85c943d9c215609e:0]
13:09:59 2017-07-14 [INF] CRTR: New channel update applied: (*channeldb.ChannelEdgePolicy)(0xc42006b7a0)({
 Signature: (*btcec.Signature)(0xc420c2a190)({
  R: (*big.Int)(0xc420903ea0)(43360508817072627848526363515791742757388705686573658861812406878808132546915),
  S: (*big.Int)(0xc420903f40)(49235982909254318638812101511629811582919853669403698555598490521746915341252)
 }),
 ChannelID: (uint64) 523131139829137408,
 LastUpdate: (time.Time) 2017-07-14 13:09:59 +0200 CEST,
 Flags: (uint16) 1,
 TimeLockDelta: (uint16) 1,
 MinHTLC: (btcutil.Amount) 0 BTC,
 FeeBaseMSat: (btcutil.Amount) 0 BTC,
 FeeProportionalMillionths: (btcutil.Amount) 0 BTC,
 Node: (*channeldb.LightningNode)(<nil>),
 db: (*channeldb.DB)(<nil>)
})

13:09:59 2017-07-14 [INF] DISC: Received new channel announcement: (*lnwire.AnnounceSignatures)(0xc420c31340)({
 ChannelID: (lnwire.ChannelID) (len=32 cap=32) 9e6015c2d943c9852d006f302569c00031fe7408356ef2dc1f53a8809201dcd8,
 ShortChannelID: (lnwire.ShortChannelID) {
  BlockHeight: (uint32) 475785,
  TxIndex: (uint32) 118,
  TxPosition: (uint16) 0
 },
 NodeSignature: (*btcec.Signature)(0xc420c2a1c0)({
  R: (*big.Int)(0xc4200143c0)(111674816899102003675318144242063957364806256197767859946764086406522459594803),
  S: (*big.Int)(0xc4200150c0)(52372845481992300662546248101399527371842028193335269002878192052866423542164)
 }),
 BitcoinSignature: (*btcec.Signature)(0xc420c2a1e0)({
  R: (*big.Int)(0xc420889dc0)(83616053952107215527245825406130104964983645878466369493551796483298885008751),
  S: (*big.Int)(0xc420889e60)(21986802700594320917109340236201305877452952435823177492568946976411584636650)
 })
})

13:10:00 2017-07-14 [DBG] SRVR: Attempting to send msgs 1 to: 029585b91831567b464edd36675433ecb5b39d156959b68c38b15b7024e615b7e2
13:10:00 2017-07-14 [INF] DISC: Sent channel announcement proof for short_chan_id=523131139829137408 to remote peer: 029585b91831567b464edd36675433ecb5b39d156959b68c38b15b7024e615b7e2
13:10:00 2017-07-14 [INF] DISC: 1/2 of channel ann proof received for short_chan_id=523131139829137408, waiting for other half
13:10:00 2017-07-14 [INF] DISC: Received new channel announcement: (*lnwire.AnnounceSignatures)(0xc4206bd180)({
 ChannelID: (lnwire.ChannelID) (len=32 cap=32) 9e6015c2d943c9852d006f302569c00031fe7408356ef2dc1f53a8809201dcd8,
 ShortChannelID: (lnwire.ShortChannelID) {
  BlockHeight: (uint32) 475785,
  TxIndex: (uint32) 118,
  TxPosition: (uint16) 0
 },
 NodeSignature: (*btcec.Signature)(0xc420235370)({
  R: (*big.Int)(0xc42074a3c0)(114064527418235621176738895599667141144538950449720697118890314703097919853398),
  S: (*big.Int)(0xc42074a3e0)(43057652517062529467227623805283082426725761149444975389818381116316498715198)
 }),
 BitcoinSignature: (*btcec.Signature)(0xc420235380)({
  R: (*big.Int)(0xc42074a400)(68194061893629187884727233671118922314067765487906198977939866630459205889353),
  S: (*big.Int)(0xc42074a420)(7490905200803792213088725710811130565999050293205096998093089338455671925797)
 })
})

13:10:00 2017-07-14 [INF] DISC: Fully valid channel proof for short_chan_id=523131139829137408 constructed, adding to next ann batch
13:10:00 2017-07-14 [DBG] DISC: Ignoring msg for known chan_id=523131139829137408
13:10:00 2017-07-14 [INF] CRTR: New channel update applied: (*channeldb.ChannelEdgePolicy)(0xc4207579e0)({
 Signature: (*btcec.Signature)(0xc420c2a0d0)({
  R: (*big.Int)(0xc4206ee6e0)(37946087535300491858398265371506519970869005014770431168784791396666558441486),
  S: (*big.Int)(0xc4206ee700)(29311032722138540903855212724033969214498643328683765839215678901955296439603)
 }),
 ChannelID: (uint64) 523131139829137408,
 LastUpdate: (time.Time) 2017-07-14 13:09:59 +0200 CEST,
 Flags: (uint16) 0,
 TimeLockDelta: (uint16) 1,
 MinHTLC: (btcutil.Amount) 0 BTC,
 FeeBaseMSat: (btcutil.Amount) 0 BTC,
 FeeProportionalMillionths: (btcutil.Amount) 0 BTC,
 Node: (*channeldb.LightningNode)(<nil>),
 db: (*channeldb.DB)(<nil>)
})

13:10:00 2017-07-14 [INF] DISC: Broadcasting batch of 3 new announcements
13:10:00 2017-07-14 [DBG] SRVR: Broadcasting 3 messages
13:10:00 2017-07-14 [DBG] DISC: Ignoring msg for known chan_id=523131139829137408
13:10:00 2017-07-14 [DBG] DISC: Ignoring announcement (flags=1) for known chan_id=523131139829137408
13:10:00 2017-07-14 [DBG] DISC: Ignoring announcement (flags=1) for known chan_id=523131139829137408
13:10:00 2017-07-14 [DBG] DISC: Ignoring announcement (flags=0) for known chan_id=523131139829137408
13:11:51 2017-07-14 [INF] NTFN: New block: height=475786, sha=000000000000000000a58db866f853a84e0431e30479f0c0ce7f5f0cf50f9c59
13:11:51 2017-07-14 [INF] CRTR: Pruning channel graph using block 000000000000000000a58db866f853a84e0431e30479f0c0ce7f5f0cf50f9c59 (height=475786)
13:11:52 2017-07-14 [INF] CRTR: Block 000000000000000000a58db866f853a84e0431e30479f0c0ce7f5f0cf50f9c59 (height=475786) closed 0 channels
13:11:54 2017-07-14 [INF] FNDG: Initiating fundingRequest(localAmt=0.007 BTC, remoteAmt=0 BTC, capacity=0.007 BTC, numConfs=1, addr=127.0.0.1:14011, dustLimit=0.00001 BTC)
13:11:54 2017-07-14 [INF] LNWL: Performing coin selection using 300 sat/byte as fee rate
13:11:54 2017-07-14 [INF] FNDG: Target sat/kw for pendingID(bfe62b8e42b15460da9564bb5481c712a56e10aaa454958be7e237245bb22ac1): 75000
13:11:54 2017-07-14 [INF] FNDG: Starting funding workflow with 127.0.0.1:14011 for pendingID(bfe62b8e42b15460da9564bb5481c712a56e10aaa454958be7e237245bb22ac1)
13:11:54 2017-07-14 [DBG] SRVR: Attempting to send msgs 1 to: 037dbf2ba33bf076aaa07d5ba71890e3f0f1af610a7cc762ee7d56b39f438b900a
13:11:55 2017-07-14 [INF] FNDG: Recv'd fundingResponse for pendingID(bfe62b8e42b15460da9564bb5481c712a56e10aaa454958be7e237245bb22ac1)
13:11:55 2017-07-14 [DBG] FNDG: Creating chan barrier for ChanID(903f4e948fb8eb31b42d89b32ba9b1e5d5f0be394945392657ee121b48f54b8a)
13:11:55 2017-07-14 [INF] FNDG: Generated ChannelPoint(8a4bf5481b12ee572639454939bef0d5e5b1a92bb3892db431ebb88f944e3f90:1) for pendingID(bfe62b8e42b15460da9564bb5481c712a56e10aaa454958be7e237245bb22ac1)
13:11:55 2017-07-14 [DBG] SRVR: Attempting to send msgs 1 to: 037dbf2ba33bf076aaa07d5ba71890e3f0f1af610a7cc762ee7d56b39f438b900a
13:11:56 2017-07-14 [INF] LNWL: Broadcasting funding tx for ChannelPoint(8a4bf5481b12ee572639454939bef0d5e5b1a92bb3892db431ebb88f944e3f90:1): (*wire.MsgTx)(0xc420846940)({
 Version: (int32) 1,
 TxIn: ([]*wire.TxIn) (len=1 cap=15) {
  (*wire.TxIn)(0xc4202e0500)({
   PreviousOutPoint: (wire.OutPoint) d8dc019280a8531fdcf26e350874fe3100c06925306f002d85c943d9c215609e:1,
   SignatureScript: ([]uint8) (len=105 cap=500) {
    00000000  46 30 43 02 20 48 79 e4  34 73 0c 55 50 91 24 cb  |F0C. Hy.4s.UP.$.|
    00000010  c8 bc 30 8b b0 8c dd ee  c1 57 4d da 0c fc 31 5c  |..0......WM...1\|
    00000020  02 bc 57 7f 05 02 1f 17  64 d4 1b f6 ab a1 4e f5  |..W.....d.....N.|
    00000030  9b 0a 79 bf c0 b7 15 35  ff eb cf 8e bf 9b ec 4f  |..y....5.......O|
    00000040  13 ab fb 75 21 e5 01 21  03 85 3e 43 40 79 39 5c  |...u!..!..>C@y9\|
    00000050  77 f5 61 86 10 eb ff f8  2a 04 b6 f7 23 92 5b b8  |w.a.....*...#.[.|
    00000060  0f 32 5d 03 b6 e6 c9 81  b5                       |.2]......|
   },
   Sequence: (uint32) 4294967295
  })
 },
 TxOut: ([]*wire.TxOut) (len=2 cap=15) {
  (*wire.TxOut)(0xc42075f520)({
   Value: (int64) 376000,
   PkScript: ([]uint8) (len=25 cap=500) {
    00000000  76 a9 14 43 b5 16 1c 34  3e df 11 3f f8 d8 79 2f  |v..C...4>..?..y/|
    00000010  0e 11 ac 58 cc 74 a6 88  ac                       |...X.t...|
   }
  }),
  (*wire.TxOut)(0xc4206c0f20)({
   Value: (int64) 700000,
   PkScript: ([]uint8) (len=23 cap=500) {
    00000000  a9 14 81 68 65 54 4b bd  7f 75 f3 c7 9e fd 5f 0c  |...heTK..u...._.|
    00000010  31 7c 48 13 d2 85 87                              |1|H....|
   }
  })
 },
 LockTime: (uint32) 0
})

13:11:56 2017-07-14 [DBG] DISC: Marked address 17B1CxLSnzJn4wQ2YsFLJT9AFphsoZdTEW used
13:11:56 2017-07-14 [DBG] DISC: Marked address 17B1CxLSnzJn4wQ2YsFLJT9AFphsoZdTEW used
13:11:56 2017-07-14 [INF] FNDG: Finalizing pendingID(bfe62b8e42b15460da9564bb5481c712a56e10aaa454958be7e237245bb22ac1) over ChannelPoint(8a4bf5481b12ee572639454939bef0d5e5b1a92bb3892db431ebb88f944e3f90:1), waiting for channel open on-chain
13:11:56 2017-07-14 [INF] FNDG: Waiting for funding tx (8a4bf5481b12ee572639454939bef0d5e5b1a92bb3892db431ebb88f944e3f90) to reach 1 confirmations
13:11:56 2017-07-14 [INF] NTFN: New confirmations subscription: txid=8a4bf5481b12ee572639454939bef0d5e5b1a92bb3892db431ebb88f944e3f90, numconfs=1
13:11:56 2017-07-14 [INF] NTFN: Attempting to trigger dispatch for 8a4bf5481b12ee572639454939bef0d5e5b1a92bb3892db431ebb88f944e3f90 from historical chain
13:22:47 2017-07-14 [DBG] DISC: Marked address 17B1CxLSnzJn4wQ2YsFLJT9AFphsoZdTEW used
13:22:47 2017-07-14 [DBG] DISC: Marked address 17B1CxLSnzJn4wQ2YsFLJT9AFphsoZdTEW used
13:22:47 2017-07-14 [INF] CRTR: Pruning channel graph using block 00000000000000000112ae0fffce17a43d5d2831183d9460b8a68b34a9910976 (height=475787)
13:22:47 2017-07-14 [INF] NTFN: New block: height=475787, sha=00000000000000000112ae0fffce17a43d5d2831183d9460b8a68b34a9910976
13:22:47 2017-07-14 [INF] NTFN: Dispatching single conf notification, sha=8a4bf5481b12ee572639454939bef0d5e5b1a92bb3892db431ebb88f944e3f90, height=475787
13:22:47 2017-07-14 [INF] FNDG: ChannelPoint(8a4bf5481b12ee572639454939bef0d5e5b1a92bb3892db431ebb88f944e3f90:1) is now active: ChannelID(39303366346539343866623865623331623432643839623332626139623165356435663062653339343934353339323635376565313231623438663534623861)
13:22:47 2017-07-14 [INF] CRTR: Block 00000000000000000112ae0fffce17a43d5d2831183d9460b8a68b34a9910976 (height=475787) closed 0 channels
13:22:48 2017-07-14 [DBG] LNWL: ChannelPoint(8a4bf5481b12ee572639454939bef0d5e5b1a92bb3892db431ebb88f944e3f90:1), starting local commitment: (*lnwallet.commitment)(0xc42008e480)({
 height: (uint64) 0,
 ourMessageIndex: (uint64) 0,
 theirMessageIndex: (uint64) 0,
 txn: (*wire.MsgTx)(<nil>),
 sig: ([]uint8) <nil>,
 ourBalance: (btcutil.Amount) 0.006457 BTC,
 theirBalance: (btcutil.Amount) 0 BTC,
 fee: (btcutil.Amount) 0.000543 BTC,
 outgoingHTLCs: ([]lnwallet.PaymentDescriptor) <nil>,
 incomingHTLCs: ([]lnwallet.PaymentDescriptor) <nil>
})

13:22:48 2017-07-14 [DBG] LNWL: ChannelPoint(8a4bf5481b12ee572639454939bef0d5e5b1a92bb3892db431ebb88f944e3f90:1), starting remote commitment: (*lnwallet.commitment)(0xc42008e500)({
 height: (uint64) 0,
 ourMessageIndex: (uint64) 0,
 theirMessageIndex: (uint64) 0,
 txn: (*wire.MsgTx)(<nil>),
 sig: ([]uint8) <nil>,
 ourBalance: (btcutil.Amount) 0.006457 BTC,
 theirBalance: (btcutil.Amount) 0 BTC,
 fee: (btcutil.Amount) 0.000543 BTC,
 outgoingHTLCs: ([]lnwallet.PaymentDescriptor) <nil>,
 incomingHTLCs: ([]lnwallet.PaymentDescriptor) <nil>
})

13:22:48 2017-07-14 [DBG] SRVR: Attempting to send msgs 1 to: 037dbf2ba33bf076aaa07d5ba71890e3f0f1af610a7cc762ee7d56b39f438b900a
13:22:48 2017-07-14 [INF] FNDG: Announcing ChannelPoint(8a4bf5481b12ee572639454939bef0d5e5b1a92bb3892db431ebb88f944e3f90:1), short_chan_id=(lnwire.ShortChannelID) {
 BlockHeight: (uint32) 475787,
 TxIndex: (uint32) 471,
 TxPosition: (uint16) 1
}

13:22:48 2017-07-14 [DBG] LNWL: ChannelPoint(8a4bf5481b12ee572639454939bef0d5e5b1a92bb3892db431ebb88f944e3f90:1), starting local commitment: (*lnwallet.commitment)(0xc42008fb00)({
 height: (uint64) 0,
 ourMessageIndex: (uint64) 0,
 theirMessageIndex: (uint64) 0,
 txn: (*wire.MsgTx)(<nil>),
 sig: ([]uint8) <nil>,
 ourBalance: (btcutil.Amount) 0.006457 BTC,
 theirBalance: (btcutil.Amount) 0 BTC,
 fee: (btcutil.Amount) 0.000543 BTC,
 outgoingHTLCs: ([]lnwallet.PaymentDescriptor) <nil>,
 incomingHTLCs: ([]lnwallet.PaymentDescriptor) <nil>
})

13:22:48 2017-07-14 [DBG] LNWL: ChannelPoint(8a4bf5481b12ee572639454939bef0d5e5b1a92bb3892db431ebb88f944e3f90:1), starting remote commitment: (*lnwallet.commitment)(0xc42008fb80)({
 height: (uint64) 0,
 ourMessageIndex: (uint64) 0,
 theirMessageIndex: (uint64) 0,
 txn: (*wire.MsgTx)(<nil>),
 sig: ([]uint8) <nil>,
 ourBalance: (btcutil.Amount) 0.006457 BTC,
 theirBalance: (btcutil.Amount) 0 BTC,
 fee: (btcutil.Amount) 0.000543 BTC,
 outgoingHTLCs: ([]lnwallet.PaymentDescriptor) <nil>,
 incomingHTLCs: ([]lnwallet.PaymentDescriptor) <nil>
})

13:22:48 2017-07-14 [INF] NTFN: New spend subscription: utxo=8a4bf5481b12ee572639454939bef0d5e5b1a92bb3892db431ebb88f944e3f90:1
13:22:48 2017-07-14 [INF] LNWL: Close observer for ChannelPoint(8a4bf5481b12ee572639454939bef0d5e5b1a92bb3892db431ebb88f944e3f90:1) active
13:22:48 2017-07-14 [INF] PEER: New channel active ChannelPoint(8a4bf5481b12ee572639454939bef0d5e5b1a92bb3892db431ebb88f944e3f90:1) with peerId(2)
13:22:48 2017-07-14 [INF] HSWC: registering new link, interface=35ccd07915b812f50118009c89b676f2b08688defcd6fb081e5f8a24a3781c5b, onion_link=f5868827ad9291617cdff7eb876636d91560a7ac, chan_point=8a4bf5481b12ee572639454939bef0d5e5b1a92bb3892db431ebb88f944e3f90:1, capacity=0.007 BTC
13:22:48 2017-07-14 [DBG] BRAR: New contract detected, launching breachObserver
13:22:48 2017-07-14 [DBG] BRAR: Breach observer for ChannelPoint(8a4bf5481b12ee572639454939bef0d5e5b1a92bb3892db431ebb88f944e3f90:1) started
13:22:48 2017-07-14 [INF] PEER: HTLC manager for ChannelPoint(8a4bf5481b12ee572639454939bef0d5e5b1a92bb3892db431ebb88f944e3f90:1) started, our_balance=0.006457 BTC, their_balance=0 BTC, chain_height=0
13:22:48 2017-07-14 [INF] CRTR: New channel discovered! Link connects 0350c850baa9e8882731546ceb9e20c9a8db6123b558ee58248c62496850457aa4 and 037dbf2ba33bf076aaa07d5ba71890e3f0f1af610a7cc762ee7d56b39f438b900a with ChannelPoint(8a4bf5481b12ee572639454939bef0d5e5b1a92bb3892db431ebb88f944e3f90:1): chan_id=523133338875527169, capacity=0.007 BTC
13:22:48 2017-07-14 [DBG] CRTR: Updating chain filter with new UTXO's: [8a4bf5481b12ee572639454939bef0d5e5b1a92bb3892db431ebb88f944e3f90:1]
13:22:48 2017-07-14 [INF] CRTR: New channel update applied: (*channeldb.ChannelEdgePolicy)(0xc42025f620)({
 Signature: (*btcec.Signature)(0xc4202a45f0)({
  R: (*big.Int)(0xc420744260)(94346652219781068865862235385970662964607358345911207252183371492469997045940),
  S: (*big.Int)(0xc420744300)(26604812193090440034561845754199450893745058904290400373534125103797820505122)
 }),
 ChannelID: (uint64) 523133338875527169,
 LastUpdate: (time.Time) 2017-07-14 13:22:48 +0200 CEST,
 Flags: (uint16) 0,
 TimeLockDelta: (uint16) 1,
 MinHTLC: (btcutil.Amount) 0 BTC,
 FeeBaseMSat: (btcutil.Amount) 0 BTC,
 FeeProportionalMillionths: (btcutil.Amount) 0 BTC,
 Node: (*channeldb.LightningNode)(<nil>),
 db: (*channeldb.DB)(<nil>)
})

13:22:48 2017-07-14 [INF] DISC: Received new channel announcement: (*lnwire.AnnounceSignatures)(0xc420acd8c0)({
 ChannelID: (lnwire.ChannelID) (len=32 cap=32) 903f4e948fb8eb31b42d89b32ba9b1e5d5f0be394945392657ee121b48f54b8a,
 ShortChannelID: (lnwire.ShortChannelID) {
  BlockHeight: (uint32) 475787,
  TxIndex: (uint32) 471,
  TxPosition: (uint16) 1
 },
 NodeSignature: (*btcec.Signature)(0xc4202a4620)({
  R: (*big.Int)(0xc42024e320)(3618219331217973329763171361347015212570646770483189555970720134886202790006),
  S: (*big.Int)(0xc42024e3c0)(19749453649905991266147176333095153847990203710023222692727319650099650725243)
 }),
 BitcoinSignature: (*btcec.Signature)(0xc4202a4640)({
  R: (*big.Int)(0xc42074a5c0)(112347872705992818869966954776070813161323136699391203569047939423859877601135),
  S: (*big.Int)(0xc42074a660)(20841516271000021911221885963878841803374264052691731068610307666241930424224)
 })
})

13:22:48 2017-07-14 [DBG] SRVR: Attempting to send msgs 1 to: 037dbf2ba33bf076aaa07d5ba71890e3f0f1af610a7cc762ee7d56b39f438b900a
13:22:48 2017-07-14 [INF] DISC: Sent channel announcement proof for short_chan_id=523133338875527169 to remote peer: 037dbf2ba33bf076aaa07d5ba71890e3f0f1af610a7cc762ee7d56b39f438b900a
13:22:48 2017-07-14 [INF] DISC: 1/2 of channel ann proof received for short_chan_id=523133338875527169, waiting for other half
13:22:48 2017-07-14 [INF] DISC: Received new channel announcement: (*lnwire.AnnounceSignatures)(0xc4208ade80)({
 ChannelID: (lnwire.ChannelID) (len=32 cap=32) 903f4e948fb8eb31b42d89b32ba9b1e5d5f0be394945392657ee121b48f54b8a,
 ShortChannelID: (lnwire.ShortChannelID) {
  BlockHeight: (uint32) 475787,
  TxIndex: (uint32) 471,
  TxPosition: (uint16) 1
 },
 NodeSignature: (*btcec.Signature)(0xc420ca0b80)({
  R: (*big.Int)(0xc42075f880)(47446081685910793117465780858064865418244989080374172347444013084783329345063),
  S: (*big.Int)(0xc42075f8a0)(56456329797026186555534012007348352995150569945373349168485323715673858503515)
 }),
 BitcoinSignature: (*btcec.Signature)(0xc420ca0b90)({
  R: (*big.Int)(0xc42075f8e0)(83240492578210632737244594427063448615720871650095806161564632454578545677397),
  S: (*big.Int)(0xc42075f900)(42363089731729533641245309606993004079573578002593938725363799539118296137195)
 })
})

13:22:49 2017-07-14 [INF] DISC: Fully valid channel proof for short_chan_id=523133338875527169 constructed, adding to next ann batch
13:22:49 2017-07-14 [INF] DISC: Broadcasting batch of 2 new announcements
13:22:49 2017-07-14 [DBG] SRVR: Broadcasting 2 messages
13:22:49 2017-07-14 [DBG] DISC: Ignoring msg for known chan_id=523133338875527169
13:22:49 2017-07-14 [INF] CRTR: New channel update applied: (*channeldb.ChannelEdgePolicy)(0xc420918780)({
 Signature: (*btcec.Signature)(0xc420ca1420)({
  R: (*big.Int)(0xc420889f20)(28537830604799475272711528721042068640062066268982033328789193255549097253104),
  S: (*big.Int)(0xc420889f40)(48902814506192180036781358761304540836306516077800131504897386523294661633186)
 }),
 ChannelID: (uint64) 523133338875527169,
 LastUpdate: (time.Time) 2017-07-14 13:22:48 +0200 CEST,
 Flags: (uint16) 1,
 TimeLockDelta: (uint16) 1,
 MinHTLC: (btcutil.Amount) 0 BTC,
 FeeBaseMSat: (btcutil.Amount) 0 BTC,
 FeeProportionalMillionths: (btcutil.Amount) 0 BTC,
 Node: (*channeldb.LightningNode)(<nil>),
 db: (*channeldb.DB)(<nil>)
})

13:22:49 2017-07-14 [INF] DISC: Broadcasting batch of 1 new announcements
13:22:49 2017-07-14 [DBG] SRVR: Broadcasting 1 messages
13:22:49 2017-07-14 [DBG] DISC: Ignoring announcement (flags=0) for known chan_id=523133338875527169
13:22:49 2017-07-14 [DBG] DISC: Ignoring msg for known chan_id=523133338875527169
13:22:49 2017-07-14 [DBG] DISC: Ignoring announcement (flags=0) for known chan_id=523133338875527169
13:22:49 2017-07-14 [DBG] DISC: Ignoring announcement (flags=1) for known chan_id=523133338875527169
13:26:38 2017-07-14 [DBG] RPCS: [walletbalance] balance=0.00376 BTC
13:27:15 2017-07-14 [INF] RPCS: [listchannels] fetched 2 channels from DB
13:27:21 2017-07-14 [DBG] DISC: Ignoring announcement (flags=0) for known chan_id=523131139829137408
13:27:42 2017-07-14 [DBG] DISC: Retransmitting 2 outgoing channels
13:27:42 2017-07-14 [DBG] SRVR: Broadcasting 2 messages
13:27:57 2017-07-14 [DBG] DISC: Ignoring announcement (flags=1) for known chan_id=523133338875527169
13:28:17 2017-07-14 [DBG] CRTR: Searching for path to 029585b91831567b464edd36675433ecb5b39d156959b68c38b15b7024e615b7e2, sending 0.005 BTC
13:28:17 2017-07-14 [DBG] CRTR: Obtained 1 paths sending 0.005 BTC to 029585b91831567b464edd36675433ecb5b39d156959b68c38b15b7024e615b7e2: (routing.sortableRoutes) (len=1 cap=1) {
 (*routing.Route)(0xc4207c3e90)({
  TotalTimeLock: (uint32) 1,
  TotalFees: (btcutil.Amount) 0 BTC,
  TotalAmount: (btcutil.Amount) 0.005 BTC,
  Hops: ([]*routing.Hop) (len=1 cap=1) {
   (*routing.Hop)(0xc420185160)({
    Channel: (*routing.ChannelHop)(0xc4207c2420)({
     Capacity: (btcutil.Amount) 0.007 BTC,
     Chain: (chainhash.Hash) (len=32 cap=32) 0000000000000000000000000000000000000000000000000000000000000000,
     ChannelEdgePolicy: (*channeldb.ChannelEdgePolicy)(0xc42025f7a0)({
      Signature: (*btcec.Signature)(0xc420250780)({
       R: (*big.Int)(0xc420745460)(43360508817072627848526363515791742757388705686573658861812406878808132546915),
       S: (*big.Int)(0xc420745480)(49235982909254318638812101511629811582919853669403698555598490521746915341252)
      }),
      ChannelID: (uint64) 523131139829137408,
      LastUpdate: (time.Time) 2017-07-14 13:09:59 +0200 CEST,
      Flags: (uint16) 1,
      TimeLockDelta: (uint16) 1,
      MinHTLC: (btcutil.Amount) 0 BTC,
      FeeBaseMSat: (btcutil.Amount) 0 BTC,
      FeeProportionalMillionths: (btcutil.Amount) 0 BTC,
      Node: (*channeldb.LightningNode)(0xc4202a1b90)({
       LastUpdate: (time.Time) 2017-07-14 12:27:21 +0200 CEST,
       Addresses: ([]net.Addr) <nil>,
       PubKey: (*btcec.PublicKey)(0xc4207454c0)({
        Curve: (elliptic.Curve) <nil>,
        X: (*big.Int)(0xc4207454e0)(67630882573830971983827924733228291367931789457147383522705536853876590098402),
        Y: (*big.Int)(0xc420745500)(100286839957597988006372173505389962619090920153695452640510926846716158699408)
       }),
       Color: (color.RGBA) {
        R: (uint8) 0,
        G: (uint8) 0,
        B: (uint8) 0,
        A: (uint8) 0
       },
       Alias: (string) (len=20) "029585b91831567b464e",
       AuthSig: (*btcec.Signature)(0xc420250810)({
        R: (*big.Int)(0xc420745600)(115704133002628668578522282538225155965955419625608318852323192228995144777545),
        S: (*big.Int)(0xc420745620)(24298095240932679215951334651067378670249411908529835832554212145531504428329)
       }),
       Features: (*lnwire.FeatureVector)(0xc4202507f0)({
        featuresMap: (map[lnwire.featureName]int) <nil>,
        flags: (map[int]lnwire.featureFlag) {
        }
       }),
       db: (*channeldb.DB)(0xc42024e0a0)(DB<"data/mainnet/bitcoin/channel.db">)
      }),
      db: (*channeldb.DB)(0xc42024e0a0)(DB<"data/mainnet/bitcoin/channel.db">)
     })
    }),
    TimeLockDelta: (uint16) 1,
    AmtToForward: (btcutil.Amount) 0.005 BTC,
    Fee: (btcutil.Amount) 0 BTC
   })
  }
 })
}

13:28:17 2017-07-14 [DBG] HSWC: No existing circuit for e91779dad66c3138c385a7c2ff63e071d866ce8752f750e1e8e496eaffba172d to settle
13:28:22 2017-07-14 [INF] HSWC: Sent 500000 satoshis, received 0 satoshis in the last 10 seconds (1 tx/sec)
13:29:28 2017-07-14 [DBG] HSWC: Creating onion circuit for 8c57549be81f84afc611f07952324bf99a1e8aa3d50caef63cfdffc830815aec: 903f4e948fb8eb31b42d89b32ba9b1e5d5f0be394945392657ee121b48f54b8a<->9e6015c2d943c9852d006f302569c00031fe7408356ef2dc1f53a8809201dcd8
13:29:28 2017-07-14 [DBG] HSWC: Closing completed onion circuit for 8c57549be81f84afc611f07952324bf99a1e8aa3d50caef63cfdffc830815aec: 903f4e948fb8eb31b42d89b32ba9b1e5d5f0be394945392657ee121b48f54b8a<->9e6015c2d943c9852d006f302569c00031fe7408356ef2dc1f53a8809201dcd8
13:29:32 2017-07-14 [INF] HSWC: Sent 300000 satoshis, received 300000 satoshis in the last 10 seconds (2 tx/sec)
13:30:29 2017-07-14 [INF] RPCS: [listchannels] fetched 2 channels from DB
13:31:09 2017-07-14 [DBG] HSWC: requesting interface 479238a53464357a43f13057d2581d9ce57abbcf9e7a68935f7a4b3f1b78b47a to close link 9e6015c2d943c9852d006f302569c00031fe7408356ef2dc1f53a8809201dcd8
13:31:09 2017-07-14 [INF] PEER: Executing cooperative closure of ChanPoint(d8dc019280a8531fdcf26e350874fe3100c06925306f002d85c943d9c215609e:0) with peerID(1), txid=9476a240c5850cc8a1cff8c9886fdc64be5d262e1aece8913fb8d34cc796ba5f
13:31:09 2017-07-14 [INF] PEER: Attempting cooperative close of ChannelPoint(d8dc019280a8531fdcf26e350874fe3100c06925306f002d85c943d9c215609e:0) with txid: 9476a240c5850cc8a1cff8c9886fdc64be5d262e1aece8913fb8d34cc796ba5f
13:31:09 2017-07-14 [DBG] HSWC: unregistering active link, interface=479238a53464357a43f13057d2581d9ce57abbcf9e7a68935f7a4b3f1b78b47a, chan_id=9e6015c2d943c9852d006f302569c00031fe7408356ef2dc1f53a8809201dcd8
13:31:09 2017-07-14 [DBG] BRAR: ChannelPoint(d8dc019280a8531fdcf26e350874fe3100c06925306f002d85c943d9c215609e:0) has been settled, cancelling breachObserver
13:31:09 2017-07-14 [INF] NTFN: Cancelling spend notification for out_point=d8dc019280a8531fdcf26e350874fe3100c06925306f002d85c943d9c215609e:0, spend_id=1
13:31:09 2017-07-14 [DBG] DISC: Marked address 1NwkXsZzHKKQpy2SiTXri9tBLAzocSjLfc used
13:31:09 2017-07-14 [INF] NTFN: New spend subscription: utxo=d8dc019280a8531fdcf26e350874fe3100c06925306f002d85c943d9c215609e:0
13:34:19 2017-07-14 [INF] NTFN: Dispatching spend notification for outpoint=d8dc019280a8531fdcf26e350874fe3100c06925306f002d85c943d9c215609e:0
13:34:19 2017-07-14 [INF] SRVR: ChannelPoint(d8dc019280a8531fdcf26e350874fe3100c06925306f002d85c943d9c215609e:0) is now closed at height 475788
13:34:19 2017-07-14 [DBG] DISC: Marked address 1NwkXsZzHKKQpy2SiTXri9tBLAzocSjLfc used
13:34:20 2017-07-14 [INF] RPCS: [closechannel] close completed: txid(5e1ddeb8ebdc1a8603e6294546858da3e432af532f2b71ba0fc2214a9ecafd0c)
13:34:20 2017-07-14 [INF] CRTR: Pruning channel graph using block 0000000000000000003c2901f9a8aadbec9d749616fcb3d2a1756e56773defc4 (height=475788)
13:34:20 2017-07-14 [INF] NTFN: New block: height=475788, sha=0000000000000000003c2901f9a8aadbec9d749616fcb3d2a1756e56773defc4
13:34:20 2017-07-14 [INF] CRTR: Block 0000000000000000003c2901f9a8aadbec9d749616fcb3d2a1756e56773defc4 (height=475788) closed 1 channels
13:35:48 2017-07-14 [DBG] HSWC: requesting interface 35ccd07915b812f50118009c89b676f2b08688defcd6fb081e5f8a24a3781c5b to close link 903f4e948fb8eb31b42d89b32ba9b1e5d5f0be394945392657ee121b48f54b8a
13:35:48 2017-07-14 [INF] PEER: Executing cooperative closure of ChanPoint(8a4bf5481b12ee572639454939bef0d5e5b1a92bb3892db431ebb88f944e3f90:1) with peerID(2), txid=535b9868c291dbe1c3505c5bdfeb08174e7f4539c3f0e1c59d1b2ecae73ec37b
13:35:48 2017-07-14 [INF] PEER: Attempting cooperative close of ChannelPoint(8a4bf5481b12ee572639454939bef0d5e5b1a92bb3892db431ebb88f944e3f90:1) with txid: 535b9868c291dbe1c3505c5bdfeb08174e7f4539c3f0e1c59d1b2ecae73ec37b
13:35:48 2017-07-14 [DBG] HSWC: unregistering active link, interface=35ccd07915b812f50118009c89b676f2b08688defcd6fb081e5f8a24a3781c5b, chan_id=903f4e948fb8eb31b42d89b32ba9b1e5d5f0be394945392657ee121b48f54b8a
13:35:48 2017-07-14 [DBG] BRAR: ChannelPoint(8a4bf5481b12ee572639454939bef0d5e5b1a92bb3892db431ebb88f944e3f90:1) has been settled, cancelling breachObserver
13:35:48 2017-07-14 [INF] NTFN: Cancelling spend notification for out_point=8a4bf5481b12ee572639454939bef0d5e5b1a92bb3892db431ebb88f944e3f90:1, spend_id=2
13:35:48 2017-07-14 [DBG] DISC: Marked address 1Dsw4AJWJyYF1rATtouu9FNTLLGDJqpB9o used
13:35:48 2017-07-14 [INF] NTFN: New spend subscription: utxo=8a4bf5481b12ee572639454939bef0d5e5b1a92bb3892db431ebb88f944e3f90:1
13:36:09 2017-07-14 [INF] NTFN: New block: height=475789, sha=0000000000000000015320a88bdc2fc3d217ee0121351a6b60ddaeda34c8de95
13:36:09 2017-07-14 [INF] CRTR: Pruning channel graph using block 0000000000000000015320a88bdc2fc3d217ee0121351a6b60ddaeda34c8de95 (height=475789)
13:36:09 2017-07-14 [INF] CRTR: Block 0000000000000000015320a88bdc2fc3d217ee0121351a6b60ddaeda34c8de95 (height=475789) closed 0 channels
13:42:19 2017-07-14 [INF] NTFN: Dispatching spend notification for outpoint=8a4bf5481b12ee572639454939bef0d5e5b1a92bb3892db431ebb88f944e3f90:1
13:42:19 2017-07-14 [INF] SRVR: ChannelPoint(8a4bf5481b12ee572639454939bef0d5e5b1a92bb3892db431ebb88f944e3f90:1) is now closed at height 475790
13:42:19 2017-07-14 [DBG] DISC: Marked address 1Dsw4AJWJyYF1rATtouu9FNTLLGDJqpB9o used
13:42:20 2017-07-14 [INF] RPCS: [closechannel] close completed: txid(00843a49178ba5304d1940945312d66e066dc59f96a006d04c21adbb4f074656)
13:42:20 2017-07-14 [INF] CRTR: Pruning channel graph using block 00000000000000000051970d966ebe691064164e8f4d27f6d9b867a7a3c052ed (height=475790)
13:42:20 2017-07-14 [INF] NTFN: New block: height=475790, sha=00000000000000000051970d966ebe691064164e8f4d27f6d9b867a7a3c052ed
13:42:20 2017-07-14 [INF] CRTR: Block 00000000000000000051970d966ebe691064164e8f4d27f6d9b867a7a3c052ed (height=475790) closed 1 channels
13:44:52 2017-07-14 [INF] CRTR: Pruning channel graph using block 000000000000000000ae1a40aec00ac52c9879e19ee638a8ec6419eead195f7a (height=475791)
13:44:52 2017-07-14 [INF] NTFN: New block: height=475791, sha=000000000000000000ae1a40aec00ac52c9879e19ee638a8ec6419eead195f7a
13:44:52 2017-07-14 [INF] CRTR: Block 000000000000000000ae1a40aec00ac52c9879e19ee638a8ec6419eead195f7a (height=475791) closed 0 channels
13:45:21 2017-07-14 [DBG] RPCS: [walletbalance] balance=0.010588 BTC
13:48:39 2017-07-14 [INF] CRTR: Pruning channel graph using block 0000000000000000015bba374bf05cf8a6699d1a1fc4b552e1eeff3cef8323e5 (height=475792)
13:48:39 2017-07-14 [INF] NTFN: New block: height=475792, sha=0000000000000000015bba374bf05cf8a6699d1a1fc4b552e1eeff3cef8323e5
13:48:39 2017-07-14 [INF] CRTR: Block 0000000000000000015bba374bf05cf8a6699d1a1fc4b552e1eeff3cef8323e5 (height=475792) closed 0 channels